[0m19:01:17.222627 [debug] [MainThread]: Sending event: {'category': 'dbt', 'action': 'invocation', 'label': 'start', 'context': [<snowplow_tracker.self_describing_json.SelfDescribingJson object at 0x104f55ed0>, <snowplow_tracker.self_describing_json.SelfDescribingJson object at 0x110d117b0>, <snowplow_tracker.self_describing_json.SelfDescribingJson object at 0x110d10f40>]}


============================== 19:01:17.224483 | eb6750df-b0f2-457d-9cfe-38c7aeeffde2 ==============================
[0m19:01:17.224483 [info ] [MainThread]: Running with dbt=1.6.9
[0m19:01:17.224798 [debug] [MainThread]: running dbt with arguments {'printer_width': '80', 'indirect_selection': 'eager', 'write_json': 'True', 'log_cache_events': 'False', 'partial_parse': 'True', 'cache_selected_only': 'False', 'warn_error': 'None', 'version_check': 'True', 'profiles_dir': '~/.dbt', 'log_path': 'logs', 'debug': 'False', 'fail_fast': 'False', 'use_colors': 'True', 'use_experimental_parser': 'False', 'no_print': 'None', 'quiet': 'False', 'warn_error_options': 'WarnErrorOptions(include=[], exclude=[])', 'static_parser': 'True', 'introspect': 'True', 'log_format': 'default', 'target_path': 'None', 'invocation_command': 'dbt init', 'send_anonymous_usage_stats': 'True'}
[0m19:01:17.225042 [info ] [MainThread]: Creating dbt configuration folder at ~/.dbt
[0m19:01:26.492459 [debug] [MainThread]: Starter project path: /Users/saiakhilgolla/anaconda3/envs/dbt_bigquery/lib/python3.10/site-packages/dbt/include/starter_project
[0m19:01:26.501916 [info ] [MainThread]: 
Your new dbt project "dbt_basic1" was created!

For more information on how to configure the profiles.yml file,
please consult the dbt documentation here:

  https://docs.getdbt.com/docs/configure-your-profile

One more thing:

Need help? Don't hesitate to reach out to us via GitHub issues or on Slack:

  https://community.getdbt.com/

Happy modeling!

[0m19:01:26.502729 [info ] [MainThread]: Setting up your profile.
[0m19:02:00.175629 [error] [MainThread]: Encountered an error:
[Errno 2] No such file or directory: '~/.dbt/profiles.yml'
[0m19:02:00.178230 [error] [MainThread]: Traceback (most recent call last):
  File "/Users/saiakhilgolla/anaconda3/envs/dbt_bigquery/lib/python3.10/site-packages/dbt/cli/requires.py", line 87, in wrapper
    result, success = func(*args, **kwargs)
  File "/Users/saiakhilgolla/anaconda3/envs/dbt_bigquery/lib/python3.10/site-packages/dbt/cli/requires.py", line 72, in wrapper
    return func(*args, **kwargs)
  File "/Users/saiakhilgolla/anaconda3/envs/dbt_bigquery/lib/python3.10/site-packages/dbt/cli/main.py", line 484, in init
    results = task.run()
  File "/Users/saiakhilgolla/anaconda3/envs/dbt_bigquery/lib/python3.10/site-packages/dbt/task/init.py", line 308, in run
    self.create_profile_from_target(adapter, profile_name=profile_name)
  File "/Users/saiakhilgolla/anaconda3/envs/dbt_bigquery/lib/python3.10/site-packages/dbt/task/init.py", line 179, in create_profile_from_target
    self.create_profile_from_profile_template(profile_template, profile_name)
  File "/Users/saiakhilgolla/anaconda3/envs/dbt_bigquery/lib/python3.10/site-packages/dbt/task/init.py", line 166, in create_profile_from_profile_template
    self.write_profile(profile, profile_name)
  File "/Users/saiakhilgolla/anaconda3/envs/dbt_bigquery/lib/python3.10/site-packages/dbt/task/init.py", line 156, in write_profile
    with open(profiles_filepath, "w") as f:
FileNotFoundError: [Errno 2] No such file or directory: '~/.dbt/profiles.yml'

[0m19:02:00.179756 [debug] [MainThread]: Command `dbt init` failed at 19:02:00.179396 after 42.96 seconds
[0m19:02:00.180621 [debug] [MainThread]: Sending event: {'category': 'dbt', 'action': 'invocation', 'label': 'end', 'context': [<snowplow_tracker.self_describing_json.SelfDescribingJson object at 0x104f55ed0>, <snowplow_tracker.self_describing_json.SelfDescribingJson object at 0x1150be530>, <snowplow_tracker.self_describing_json.SelfDescribingJson object at 0x1150bd5d0>]}
[0m19:02:00.181222 [debug] [MainThread]: Flushing usage events
[0m19:11:12.678587 [debug] [MainThread]: Sending event: {'category': 'dbt', 'action': 'invocation', 'label': 'start', 'context': [<snowplow_tracker.self_describing_json.SelfDescribingJson object at 0x106841f30>, <snowplow_tracker.self_describing_json.SelfDescribingJson object at 0x1087fd810>, <snowplow_tracker.self_describing_json.SelfDescribingJson object at 0x1087fcfa0>]}


============================== 19:11:12.680473 | 67e700b5-49bf-4073-afa4-2ac5422537be ==============================
[0m19:11:12.680473 [info ] [MainThread]: Running with dbt=1.6.9
[0m19:11:12.680772 [debug] [MainThread]: running dbt with arguments {'printer_width': '80', 'indirect_selection': 'eager', 'write_json': 'True', 'log_cache_events': 'False', 'partial_parse': 'True', 'cache_selected_only': 'False', 'warn_error': 'None', 'fail_fast': 'False', 'version_check': 'True', 'log_path': 'logs', 'debug': 'False', 'profiles_dir': '~/.dbt', 'use_colors': 'True', 'use_experimental_parser': 'False', 'no_print': 'None', 'quiet': 'False', 'log_format': 'default', 'introspect': 'True', 'warn_error_options': 'WarnErrorOptions(include=[], exclude=[])', 'static_parser': 'True', 'target_path': 'None', 'invocation_command': 'dbt debug --config-dir', 'send_anonymous_usage_stats': 'True'}
[0m19:11:12.681028 [info ] [MainThread]: To view your profiles.yml file, run:

open ~/.dbt
[0m19:11:12.681321 [debug] [MainThread]: Command `dbt debug` succeeded at 19:11:12.681265 after 0.01 seconds
[0m19:11:12.681480 [debug] [MainThread]: Sending event: {'category': 'dbt', 'action': 'invocation', 'label': 'end', 'context': [<snowplow_tracker.self_describing_json.SelfDescribingJson object at 0x106841f30>, <snowplow_tracker.self_describing_json.SelfDescribingJson object at 0x1087fdd80>, <snowplow_tracker.self_describing_json.SelfDescribingJson object at 0x1087fd810>]}
[0m19:11:12.681635 [debug] [MainThread]: Flushing usage events
[0m19:13:01.488467 [debug] [MainThread]: Sending event: {'category': 'dbt', 'action': 'invocation', 'label': 'start', 'context': [<snowplow_tracker.self_describing_json.SelfDescribingJson object at 0x103161f30>, <snowplow_tracker.self_describing_json.SelfDescribingJson object at 0x10511d810>, <snowplow_tracker.self_describing_json.SelfDescribingJson object at 0x10511cfa0>]}


============================== 19:13:01.490386 | 78685a64-f994-4b04-8be9-d300906e6e33 ==============================
[0m19:13:01.490386 [info ] [MainThread]: Running with dbt=1.6.9
[0m19:13:01.490701 [debug] [MainThread]: running dbt with arguments {'printer_width': '80', 'indirect_selection': 'eager', 'write_json': 'True', 'log_cache_events': 'False', 'partial_parse': 'True', 'cache_selected_only': 'False', 'profiles_dir': '.', 'version_check': 'True', 'warn_error': 'None', 'log_path': 'logs', 'fail_fast': 'False', 'debug': 'False', 'use_colors': 'True', 'use_experimental_parser': 'False', 'no_print': 'None', 'quiet': 'False', 'log_format': 'default', 'invocation_command': 'dbt debug --profiles-dir .', 'introspect': 'True', 'static_parser': 'True', 'target_path': 'None', 'warn_error_options': 'WarnErrorOptions(include=[], exclude=[])', 'send_anonymous_usage_stats': 'True'}
[0m19:13:01.490997 [info ] [MainThread]: dbt version: 1.6.9
[0m19:13:01.491154 [info ] [MainThread]: python version: 3.10.13
[0m19:13:01.491300 [info ] [MainThread]: python path: /Users/saiakhilgolla/anaconda3/envs/dbt_bigquery/bin/python
[0m19:13:01.491444 [info ] [MainThread]: os info: macOS-14.2.1-arm64-arm-64bit
[0m19:13:01.491602 [info ] [MainThread]: Using profiles dir at .
[0m19:13:01.491740 [info ] [MainThread]: Using profiles.yml file at ./profiles.yml
[0m19:13:01.491884 [info ] [MainThread]: Using dbt_project.yml file at /Users/saiakhilgolla/Library/CloudStorage/OneDrive-Personal/Akhil/[3]DS_Projects/DBT/DBT_Basic/dbt_project.yml
[0m19:13:01.492036 [info ] [MainThread]: Configuration:
[0m19:13:01.492173 [info ] [MainThread]:   profiles.yml file [[31mERROR not found[0m]
[0m19:13:01.492305 [info ] [MainThread]:   dbt_project.yml file [[31mERROR not found[0m]
[0m19:13:01.492438 [info ] [MainThread]: Required dependencies:
[0m19:13:01.492624 [debug] [MainThread]: Executing "git --help"
[0m19:13:01.496590 [debug] [MainThread]: STDOUT: "b"usage: git [-v | --version] [-h | --help] [-C <path>] [-c <name>=<value>]\n           [--exec-path[=<path>]] [--html-path] [--man-path] [--info-path]\n           [-p | --paginate | -P | --no-pager] [--no-replace-objects] [--bare]\n           [--git-dir=<path>] [--work-tree=<path>] [--namespace=<name>]\n           [--config-env=<name>=<envvar>] <command> [<args>]\n\nThese are common Git commands used in various situations:\n\nstart a working area (see also: git help tutorial)\n   clone     Clone a repository into a new directory\n   init      Create an empty Git repository or reinitialize an existing one\n\nwork on the current change (see also: git help everyday)\n   add       Add file contents to the index\n   mv        Move or rename a file, a directory, or a symlink\n   restore   Restore working tree files\n   rm        Remove files from the working tree and from the index\n\nexamine the history and state (see also: git help revisions)\n   bisect    Use binary search to find the commit that introduced a bug\n   diff      Show changes between commits, commit and working tree, etc\n   grep      Print lines matching a pattern\n   log       Show commit logs\n   show      Show various types of objects\n   status    Show the working tree status\n\ngrow, mark and tweak your common history\n   branch    List, create, or delete branches\n   commit    Record changes to the repository\n   merge     Join two or more development histories together\n   rebase    Reapply commits on top of another base tip\n   reset     Reset current HEAD to the specified state\n   switch    Switch branches\n   tag       Create, list, delete or verify a tag object signed with GPG\n\ncollaborate (see also: git help workflows)\n   fetch     Download objects and refs from another repository\n   pull      Fetch from and integrate with another repository or a local branch\n   push      Update remote refs along with associated objects\n\n'git help -a' and 'git help -g' list available subcommands and some\nconcept guides. See 'git help <command>' or 'git help <concept>'\nto read about a specific subcommand or concept.\nSee 'git help git' for an overview of the system.\n""
[0m19:13:01.497024 [debug] [MainThread]: STDERR: "b''"
[0m19:13:01.497198 [info ] [MainThread]:  - git [[32mOK found[0m]

[0m19:13:01.497366 [info ] [MainThread]: Connection test skipped since no profile was found
[0m19:13:01.497538 [info ] [MainThread]: [31m2 checks failed:[0m
[0m19:13:01.497698 [info ] [MainThread]: dbt looked for a profiles.yml file in ./profiles.yml, but did
not find one. For more information on configuring your profile, consult the
documentation:

https://docs.getdbt.com/docs/configure-your-profile


[0m19:13:01.497859 [info ] [MainThread]: Project loading failed for the following reason:
 project path </Users/saiakhilgolla/Library/CloudStorage/OneDrive-Personal/Akhil/[3]DS_Projects/DBT/DBT_Basic/dbt_project.yml> not found

[0m19:13:01.498194 [debug] [MainThread]: Command `dbt debug` failed at 19:13:01.498138 after 0.02 seconds
[0m19:13:01.498399 [debug] [MainThread]: Sending event: {'category': 'dbt', 'action': 'invocation', 'label': 'end', 'context': [<snowplow_tracker.self_describing_json.SelfDescribingJson object at 0x103161f30>, <snowplow_tracker.self_describing_json.SelfDescribingJson object at 0x10511dd80>, <snowplow_tracker.self_describing_json.SelfDescribingJson object at 0x10511cfa0>]}
[0m19:13:01.498609 [debug] [MainThread]: Flushing usage events
[0m17:06:37.072565 [debug] [MainThread]: Sending event: {'category': 'dbt', 'action': 'invocation', 'label': 'start', 'context': [<snowplow_tracker.self_describing_json.SelfDescribingJson object at 0x1075a5fc0>, <snowplow_tracker.self_describing_json.SelfDescribingJson object at 0x109c117b0>, <snowplow_tracker.self_describing_json.SelfDescribingJson object at 0x109c10940>]}


============================== 17:06:37.076088 | 6ba9c934-dd6f-4b39-a051-574706a07e53 ==============================
[0m17:06:37.076088 [info ] [MainThread]: Running with dbt=1.6.9
[0m17:06:37.076421 [debug] [MainThread]: running dbt with arguments {'printer_width': '80', 'indirect_selection': 'eager', 'write_json': 'True', 'log_cache_events': 'False', 'partial_parse': 'True', 'cache_selected_only': 'False', 'profiles_dir': '~/.dbt', 'version_check': 'True', 'fail_fast': 'False', 'log_path': 'logs', 'debug': 'False', 'warn_error': 'None', 'use_colors': 'True', 'use_experimental_parser': 'False', 'no_print': 'None', 'quiet': 'False', 'log_format': 'default', 'introspect': 'True', 'static_parser': 'True', 'invocation_command': 'dbt compile', 'target_path': 'None', 'warn_error_options': 'WarnErrorOptions(include=[], exclude=[])', 'send_anonymous_usage_stats': 'True'}
[0m17:06:37.076707 [error] [MainThread]: Encountered an error:
Runtime Error
  No dbt_project.yml found at expected path /Users/saiakhilgolla/Library/CloudStorage/OneDrive-Personal/Akhil/[3]DS_Projects/DBT/DBT_Basic/dbt_project.yml
  Verify that each entry within packages.yml (and their transitive dependencies) contains a file named dbt_project.yml
  
[0m17:06:37.077021 [debug] [MainThread]: Command `dbt compile` failed at 17:06:37.076968 after 0.02 seconds
[0m17:06:37.077199 [debug] [MainThread]: Sending event: {'category': 'dbt', 'action': 'invocation', 'label': 'end', 'context': [<snowplow_tracker.self_describing_json.SelfDescribingJson object at 0x1075a5fc0>, <snowplow_tracker.self_describing_json.SelfDescribingJson object at 0x109c10d00>, <snowplow_tracker.self_describing_json.SelfDescribingJson object at 0x109c11a20>]}
[0m17:06:37.077375 [debug] [MainThread]: Flushing usage events
[0m10:13:44.144997 [debug] [MainThread]: Sending event: {'category': 'dbt', 'action': 'invocation', 'label': 'start', 'context': [<snowplow_tracker.self_describing_json.SelfDescribingJson object at 0x104155fc0>, <snowplow_tracker.self_describing_json.SelfDescribingJson object at 0x1065118a0>, <snowplow_tracker.self_describing_json.SelfDescribingJson object at 0x106511030>]}


============================== 10:13:44.148465 | 13fb08eb-46f6-4da8-9106-05582381762b ==============================
[0m10:13:44.148465 [info ] [MainThread]: Running with dbt=1.6.9
[0m10:13:44.148796 [debug] [MainThread]: running dbt with arguments {'printer_width': '80', 'indirect_selection': 'eager', 'log_cache_events': 'False', 'write_json': 'True', 'partial_parse': 'True', 'cache_selected_only': 'False', 'warn_error': 'None', 'version_check': 'True', 'profiles_dir': '~/.dbt', 'log_path': 'logs', 'debug': 'False', 'fail_fast': 'False', 'use_colors': 'True', 'use_experimental_parser': 'False', 'no_print': 'None', 'quiet': 'False', 'warn_error_options': 'WarnErrorOptions(include=[], exclude=[])', 'static_parser': 'True', 'invocation_command': 'dbt init', 'introspect': 'True', 'target_path': 'None', 'log_format': 'default', 'send_anonymous_usage_stats': 'True'}
[0m10:13:53.535843 [debug] [MainThread]: Starter project path: /Users/saiakhilgolla/anaconda3/envs/dbt_bigquery/lib/python3.10/site-packages/dbt/include/starter_project
[0m10:13:53.546350 [info ] [MainThread]: 
Your new dbt project "dbt_basic2" was created!

For more information on how to configure the profiles.yml file,
please consult the dbt documentation here:

  https://docs.getdbt.com/docs/configure-your-profile

One more thing:

Need help? Don't hesitate to reach out to us via GitHub issues or on Slack:

  https://community.getdbt.com/

Happy modeling!

[0m10:13:53.546836 [info ] [MainThread]: Setting up your profile.
[0m10:14:47.497330 [error] [MainThread]: Encountered an error:
[Errno 2] No such file or directory: '~/.dbt/profiles.yml'
[0m10:14:47.499844 [error] [MainThread]: Traceback (most recent call last):
  File "/Users/saiakhilgolla/anaconda3/envs/dbt_bigquery/lib/python3.10/site-packages/dbt/cli/requires.py", line 87, in wrapper
    result, success = func(*args, **kwargs)
  File "/Users/saiakhilgolla/anaconda3/envs/dbt_bigquery/lib/python3.10/site-packages/dbt/cli/requires.py", line 72, in wrapper
    return func(*args, **kwargs)
  File "/Users/saiakhilgolla/anaconda3/envs/dbt_bigquery/lib/python3.10/site-packages/dbt/cli/main.py", line 484, in init
    results = task.run()
  File "/Users/saiakhilgolla/anaconda3/envs/dbt_bigquery/lib/python3.10/site-packages/dbt/task/init.py", line 308, in run
    self.create_profile_from_target(adapter, profile_name=profile_name)
  File "/Users/saiakhilgolla/anaconda3/envs/dbt_bigquery/lib/python3.10/site-packages/dbt/task/init.py", line 179, in create_profile_from_target
    self.create_profile_from_profile_template(profile_template, profile_name)
  File "/Users/saiakhilgolla/anaconda3/envs/dbt_bigquery/lib/python3.10/site-packages/dbt/task/init.py", line 166, in create_profile_from_profile_template
    self.write_profile(profile, profile_name)
  File "/Users/saiakhilgolla/anaconda3/envs/dbt_bigquery/lib/python3.10/site-packages/dbt/task/init.py", line 156, in write_profile
    with open(profiles_filepath, "w") as f:
FileNotFoundError: [Errno 2] No such file or directory: '~/.dbt/profiles.yml'

[0m10:14:47.500493 [debug] [MainThread]: Command `dbt init` failed at 10:14:47.500401 after 63.37 seconds
[0m10:14:47.500775 [debug] [MainThread]: Sending event: {'category': 'dbt', 'action': 'invocation', 'label': 'end', 'context': [<snowplow_tracker.self_describing_json.SelfDescribingJson object at 0x104155fc0>, <snowplow_tracker.self_describing_json.SelfDescribingJson object at 0x1194be5c0>, <snowplow_tracker.self_describing_json.SelfDescribingJson object at 0x1194bd660>]}
[0m10:14:47.501067 [debug] [MainThread]: Flushing usage events
